Using pre-set license
Built from '2021.1/staging' branch; Version is '2021.1.7f1 (d91830b65d9b) revision 14227504'; Using compiler version '192528614'; Build Type 'Release'
OS: 'Windows 10 Education; OS build 19044.1645; Version 2009; 64bit' Language: 'nl' Physical Memory: 16297 MB
BatchMode: 1, IsHumanControllingUs: 0, StartBugReporterOnCrash: 0, Is64bit: 1, IsPro: 0

 COMMAND LINE ARGUMENTS:
C:\Program Files\Unity\Hub\Editor\2021.1.7f1\Editor\Unity.exe
-adb2
-batchMode
-noUpm
-name
AssetImportWorker0
-projectPath
G:/UnityProjects/DungeonGameUdemy
-logFile
Logs/AssetImportWorker0.log
-srvPort
49583
Successfully changed project path to: G:/UnityProjects/DungeonGameUdemy
G:/UnityProjects/DungeonGameUdemy
Using Asset Import Pipeline V2.
Refreshing native plugins compatible for Editor in 85.92 ms, found 0 plugins.
Preloading 0 native plugins for Editor in 0.00 ms.
Initialize engine version: 2021.1.7f1 (d91830b65d9b)
[Subsystems] Discovering subsystems at path C:/Program Files/Unity/Hub/Editor/2021.1.7f1/Editor/Data/Resources/UnitySubsystems
[Subsystems] Discovering subsystems at path G:/UnityProjects/DungeonGameUdemy/Assets
GfxDevice: creating device client; threaded=0; jobified=0
Direct3D:
    Version:  Direct3D 11.0 [level 11.1]
    Renderer: NVIDIA GeForce RTX 2080 SUPER (ID=0x1e81)
    Vendor:   NVIDIA
    VRAM:     8010 MB
    Driver:   30.0.14.7212
Shader 'Universal Render Pipeline/Particles/Lit': fallback shader 'Universal Render Pipeline/Particles/SimpleLit' not found
Initialize mono
Mono path[0] = 'C:/Program Files/Unity/Hub/Editor/2021.1.7f1/Editor/Data/Managed'
Mono path[1] = 'C:/Program Files/Unity/Hub/Editor/2021.1.7f1/Editor/Data/MonoBleedingEdge/lib/mono/unityjit'
Mono config path = 'C:/Program Files/Unity/Hub/Editor/2021.1.7f1/Editor/Data/MonoBleedingEdge/etc'
Using monoOptions --debugger-agent=transport=dt_socket,embedding=1,server=y,suspend=n,address=127.0.0.1:56000
Begin MonoManager ReloadAssembly
Registering precompiled unity dll's ...
Register platform support module: C:/Program Files/Unity/Hub/Editor/2021.1.7f1/Editor/Data/PlaybackEngines/WindowsStandaloneSupport/UnityEditor.WindowsStandalone.Extensions.dll
Registered in 0.001324 seconds.
Native extension for WindowsStandalone target not found
Refreshing native plugins compatible for Editor in 84.59 ms, found 0 plugins.
Preloading 0 native plugins for Editor in 0.00 ms.
Mono: successfully reloaded assembly
- Completed reload, in  1.228 seconds
Platform modules already initialized, skipping
Registering precompiled user dll's ...
Registered in 0.001282 seconds.
Begin MonoManager ReloadAssembly
Native extension for WindowsStandalone target not found
Refreshing native plugins compatible for Editor in 83.01 ms, found 0 plugins.
Preloading 0 native plugins for Editor in 0.00 ms.
Mono: successfully reloaded assembly
- Completed reload, in  0.948 seconds
Platform modules already initialized, skipping
========================================================================
Worker process is ready to serve import requests
Shader 'Universal Render Pipeline/Particles/Lit': fallback shader 'Universal Render Pipeline/Particles/SimpleLit' not found
Launched and connected shader compiler UnityShaderCompiler.exe after 0.05 seconds
Refreshing native plugins compatible for Editor in 0.79 ms, found 0 plugins.
Preloading 0 native plugins for Editor in 0.00 ms.
Unloading 2274 Unused Serialized files (Serialized files now loaded: 0)
System memory in use before: 120.5 MB.
System memory in use after: 120.7 MB.

Unloading 14 unused Assets to reduce memory usage. Loaded Objects now: 2732.
Total: 2.004800 ms (FindLiveObjects: 0.287700 ms CreateObjectMapping: 0.171200 ms MarkObjects: 1.476300 ms  DeleteObjects: 0.068800 ms)

========================================================================
Received Import Request.
  path: Assets/Scripts/Weapons/Weapons/FireWeaponEvent.cs
  artifactKey: Guid(f3af264edc40dca48b2c99edf02c41bc) Importer(815301076,1909f56bfc062723c751e8b465ee728b)
Start importing Assets/Scripts/Weapons/Weapons/FireWeaponEvent.cs using Guid(f3af264edc40dca48b2c99edf02c41bc) Importer(815301076,1909f56bfc062723c751e8b465ee728b)  -> (artifact id: '8817076d7851a08e8f71297d303b3bef') in 0.043677 seconds 
========================================================================
Received Prepare
Registering precompiled user dll's ...
Registered in 0.001270 seconds.
Begin MonoManager ReloadAssembly
Native extension for WindowsStandalone target not found
Refreshing native plugins compatible for Editor in 0.75 ms, found 0 plugins.
Preloading 0 native plugins for Editor in 0.00 ms.
Mono: successfully reloaded assembly
- Completed reload, in  0.753 seconds
Platform modules already initialized, skipping
Shader 'Universal Render Pipeline/Particles/Lit': fallback shader 'Universal Render Pipeline/Particles/SimpleLit' not found
Refreshing native plugins compatible for Editor in 0.75 ms, found 0 plugins.
Preloading 0 native plugins for Editor in 0.00 ms.
Unloading 2143 Unused Serialized files (Serialized files now loaded: 0)
System memory in use before: 111.5 MB.
System memory in use after: 111.7 MB.

Unloading 6 unused Assets to reduce memory usage. Loaded Objects now: 2734.
Total: 1.770500 ms (FindLiveObjects: 0.179000 ms CreateObjectMapping: 0.102000 ms MarkObjects: 1.443900 ms  DeleteObjects: 0.044600 ms)

========================================================================
Received Prepare
Registering precompiled user dll's ...
Registered in 0.001388 seconds.
Begin MonoManager ReloadAssembly
Native extension for WindowsStandalone target not found
Refreshing native plugins compatible for Editor in 0.76 ms, found 0 plugins.
Preloading 0 native plugins for Editor in 0.00 ms.
Mono: successfully reloaded assembly
- Completed reload, in  0.686 seconds
Platform modules already initialized, skipping
Shader 'Universal Render Pipeline/Particles/Lit': fallback shader 'Universal Render Pipeline/Particles/SimpleLit' not found
Refreshing native plugins compatible for Editor in 0.76 ms, found 0 plugins.
Preloading 0 native plugins for Editor in 0.00 ms.
Unloading 2143 Unused Serialized files (Serialized files now loaded: 0)
System memory in use before: 111.5 MB.
System memory in use after: 111.7 MB.

Unloading 6 unused Assets to reduce memory usage. Loaded Objects now: 2736.
Total: 1.929700 ms (FindLiveObjects: 0.187700 ms CreateObjectMapping: 0.103700 ms MarkObjects: 1.570100 ms  DeleteObjects: 0.067400 ms)

========================================================================
Received Import Request.
  Time since last request: 259.168374 seconds.
  path: Assets/Scripts/Weapons/Weapons/FireWeaponEvent.cs
  artifactKey: Guid(f3af264edc40dca48b2c99edf02c41bc) Importer(815301076,1909f56bfc062723c751e8b465ee728b)
Start importing Assets/Scripts/Weapons/Weapons/FireWeaponEvent.cs using Guid(f3af264edc40dca48b2c99edf02c41bc) Importer(815301076,1909f56bfc062723c751e8b465ee728b)  -> (artifact id: 'd97fc6e0c218e4042b9eada30733c712') in 0.003871 seconds 
========================================================================
Received Import Request.
  Time since last request: 4.793030 seconds.
  path: Assets/Prefabs/Player/Player.prefab
  artifactKey: Guid(a54428d5d3b84434b8d8fb363efbdd90) Importer(815301076,1909f56bfc062723c751e8b465ee728b)
Start importing Assets/Prefabs/Player/Player.prefab using Guid(a54428d5d3b84434b8d8fb363efbdd90) Importer(815301076,1909f56bfc062723c751e8b465ee728b)  -> (artifact id: '5bbe0c51d4eca6cefb454a38e9a53e46') in 0.197865 seconds 
========================================================================
Received Import Request.
  Time since last request: 12.866891 seconds.
  path: Assets/Prefabs/Player/Player.prefab
  artifactKey: Guid(a54428d5d3b84434b8d8fb363efbdd90) Importer(815301076,1909f56bfc062723c751e8b465ee728b)
Start importing Assets/Prefabs/Player/Player.prefab using Guid(a54428d5d3b84434b8d8fb363efbdd90) Importer(815301076,1909f56bfc062723c751e8b465ee728b)  -> (artifact id: 'e4925031dd8535da1afd8d6b83b50b9a') in 0.007775 seconds 
========================================================================
Received Import Request.
  Time since last request: 2.192992 seconds.
  path: Assets/Prefabs/Player/Player.prefab
  artifactKey: Guid(a54428d5d3b84434b8d8fb363efbdd90) Importer(815301076,1909f56bfc062723c751e8b465ee728b)
Start importing Assets/Prefabs/Player/Player.prefab using Guid(a54428d5d3b84434b8d8fb363efbdd90) Importer(815301076,1909f56bfc062723c751e8b465ee728b)  -> (artifact id: '9fc070494e2b0afdea18b26bf28e0023') in 0.008084 seconds 
========================================================================
Received Import Request.
  Time since last request: 24.655759 seconds.
  path: Assets/Scripts/Weapons/Weapons/WeaponFireEvent.cs
  artifactKey: Guid(320633eccc88aaf4e9815528797d4934) Importer(815301076,1909f56bfc062723c751e8b465ee728b)
Start importing Assets/Scripts/Weapons/Weapons/WeaponFireEvent.cs using Guid(320633eccc88aaf4e9815528797d4934) Importer(815301076,1909f56bfc062723c751e8b465ee728b)  -> (artifact id: '2c05c3d407caba67110598dbdc982849') in 0.005017 seconds 
========================================================================
Received Prepare
Registering precompiled user dll's ...
Registered in 0.001463 seconds.
Begin MonoManager ReloadAssembly
Native extension for WindowsStandalone target not found
Refreshing native plugins compatible for Editor in 0.78 ms, found 0 plugins.
Preloading 0 native plugins for Editor in 0.00 ms.
Mono: successfully reloaded assembly
- Completed reload, in  0.750 seconds
Platform modules already initialized, skipping
Shader 'Universal Render Pipeline/Particles/Lit': fallback shader 'Universal Render Pipeline/Particles/SimpleLit' not found
Refreshing native plugins compatible for Editor in 0.85 ms, found 0 plugins.
Preloading 0 native plugins for Editor in 0.00 ms.
Unloading 2144 Unused Serialized files (Serialized files now loaded: 0)
System memory in use before: 119.5 MB.
System memory in use after: 119.7 MB.

Unloading 7 unused Assets to reduce memory usage. Loaded Objects now: 2786.
Total: 2.024200 ms (FindLiveObjects: 0.197800 ms CreateObjectMapping: 0.100800 ms MarkObjects: 1.662900 ms  DeleteObjects: 0.062000 ms)

========================================================================
Received Prepare
Registering precompiled user dll's ...
Registered in 0.001179 seconds.
Begin MonoManager ReloadAssembly
Native extension for WindowsStandalone target not found
Refreshing native plugins compatible for Editor in 0.84 ms, found 0 plugins.
Preloading 0 native plugins for Editor in 0.00 ms.
Mono: successfully reloaded assembly
- Completed reload, in  0.719 seconds
Platform modules already initialized, skipping
Shader 'Universal Render Pipeline/Particles/Lit': fallback shader 'Universal Render Pipeline/Particles/SimpleLit' not found
Refreshing native plugins compatible for Editor in 0.78 ms, found 0 plugins.
Preloading 0 native plugins for Editor in 0.00 ms.
Unloading 2144 Unused Serialized files (Serialized files now loaded: 0)
System memory in use before: 118.4 MB.
System memory in use after: 118.6 MB.

Unloading 6 unused Assets to reduce memory usage. Loaded Objects now: 2788.
Total: 2.153000 ms (FindLiveObjects: 0.185000 ms CreateObjectMapping: 0.098300 ms MarkObjects: 1.817600 ms  DeleteObjects: 0.051400 ms)

========================================================================
Received Import Request.
  Time since last request: 83.885244 seconds.
  path: Assets/Scripts/Weapons/Weapons/WeaponFireEvent.cs
  artifactKey: Guid(320633eccc88aaf4e9815528797d4934) Importer(815301076,1909f56bfc062723c751e8b465ee728b)
Start importing Assets/Scripts/Weapons/Weapons/WeaponFireEvent.cs using Guid(320633eccc88aaf4e9815528797d4934) Importer(815301076,1909f56bfc062723c751e8b465ee728b)  -> (artifact id: 'b828825f608207cad41b0f0f61d4e088') in 0.003476 seconds 
========================================================================
Received Import Request.
  Time since last request: 84.737176 seconds.
  path: Assets/Scripts/Weapons/Weapons/WeaponFiredEvent.cs
  artifactKey: Guid(320633eccc88aaf4e9815528797d4934) Importer(815301076,1909f56bfc062723c751e8b465ee728b)
Start importing Assets/Scripts/Weapons/Weapons/WeaponFiredEvent.cs using Guid(320633eccc88aaf4e9815528797d4934) Importer(815301076,1909f56bfc062723c751e8b465ee728b)  -> (artifact id: '1c5b27ea47c8d3f9cd269cb2cb191daa') in 0.001586 seconds 
========================================================================
Received Prepare
Registering precompiled user dll's ...
Registered in 0.001168 seconds.
Begin MonoManager ReloadAssembly
Native extension for WindowsStandalone target not found
Refreshing native plugins compatible for Editor in 1.03 ms, found 0 plugins.
Preloading 0 native plugins for Editor in 0.00 ms.
Mono: successfully reloaded assembly
- Completed reload, in  0.724 seconds
Platform modules already initialized, skipping
Shader 'Universal Render Pipeline/Particles/Lit': fallback shader 'Universal Render Pipeline/Particles/SimpleLit' not found
Refreshing native plugins compatible for Editor in 0.75 ms, found 0 plugins.
Preloading 0 native plugins for Editor in 0.00 ms.
Unloading 2144 Unused Serialized files (Serialized files now loaded: 0)
System memory in use before: 118.2 MB.
System memory in use after: 118.4 MB.

Unloading 6 unused Assets to reduce memory usage. Loaded Objects now: 2790.
Total: 2.766300 ms (FindLiveObjects: 0.223300 ms CreateObjectMapping: 0.136000 ms MarkObjects: 2.354000 ms  DeleteObjects: 0.051800 ms)

========================================================================
Received Import Request.
  Time since last request: 9.453103 seconds.
  path: Assets/Prefabs/Player/Player.prefab
  artifactKey: Guid(a54428d5d3b84434b8d8fb363efbdd90) Importer(815301076,1909f56bfc062723c751e8b465ee728b)
Start importing Assets/Prefabs/Player/Player.prefab using Guid(a54428d5d3b84434b8d8fb363efbdd90) Importer(815301076,1909f56bfc062723c751e8b465ee728b)  -> (artifact id: 'e37a34aff352200bc7e1bd8d3a9f4209') in 0.151432 seconds 
========================================================================
Received Import Request.
  Time since last request: 3.870960 seconds.
  path: Assets/Scripts/Player/Player.cs
  artifactKey: Guid(be2a78521c0122d4c8659f04a1e8eefe) Importer(815301076,1909f56bfc062723c751e8b465ee728b)
Start importing Assets/Scripts/Player/Player.cs using Guid(be2a78521c0122d4c8659f04a1e8eefe) Importer(815301076,1909f56bfc062723c751e8b465ee728b)  -> (artifact id: 'ca58f4b14f1330de30a1a5b4d7792e31') in 0.001303 seconds 
========================================================================
Received Prepare
Registering precompiled user dll's ...
Registered in 0.001214 seconds.
Begin MonoManager ReloadAssembly
Native extension for WindowsStandalone target not found
Refreshing native plugins compatible for Editor in 0.75 ms, found 0 plugins.
Preloading 0 native plugins for Editor in 0.00 ms.
Mono: successfully reloaded assembly
- Completed reload, in  0.711 seconds
Platform modules already initialized, skipping
Shader 'Universal Render Pipeline/Particles/Lit': fallback shader 'Universal Render Pipeline/Particles/SimpleLit' not found
Refreshing native plugins compatible for Editor in 0.75 ms, found 0 plugins.
Preloading 0 native plugins for Editor in 0.00 ms.
Unloading 2144 Unused Serialized files (Serialized files now loaded: 0)
System memory in use before: 119.5 MB.
System memory in use after: 119.7 MB.

Unloading 7 unused Assets to reduce memory usage. Loaded Objects now: 2830.
Total: 2.053400 ms (FindLiveObjects: 0.189100 ms CreateObjectMapping: 0.103200 ms MarkObjects: 1.713100 ms  DeleteObjects: 0.047100 ms)

========================================================================
Received Import Request.
  Time since last request: 68.099064 seconds.
  path: Assets/Scripts/Player/PlayerControl.cs
  artifactKey: Guid(5b46e64b20140564c92a8aed8126ca26) Importer(815301076,1909f56bfc062723c751e8b465ee728b)
Start importing Assets/Scripts/Player/PlayerControl.cs using Guid(5b46e64b20140564c92a8aed8126ca26) Importer(815301076,1909f56bfc062723c751e8b465ee728b)  -> (artifact id: 'fa21dcd813e09e2a4b231af6d28b86d4') in 0.006260 seconds 
========================================================================
Received Import Request.
  Time since last request: 0.000154 seconds.
  path: Assets/Scripts/Player/Player.cs
  artifactKey: Guid(be2a78521c0122d4c8659f04a1e8eefe) Importer(815301076,1909f56bfc062723c751e8b465ee728b)
Start importing Assets/Scripts/Player/Player.cs using Guid(be2a78521c0122d4c8659f04a1e8eefe) Importer(815301076,1909f56bfc062723c751e8b465ee728b)  -> (artifact id: '758f8b9a746e284d0d17a0c47b2793e7') in 0.001324 seconds 
========================================================================
Received Prepare
Registering precompiled user dll's ...
Registered in 0.001352 seconds.
Begin MonoManager ReloadAssembly
Native extension for WindowsStandalone target not found
Refreshing native plugins compatible for Editor in 0.73 ms, found 0 plugins.
Preloading 0 native plugins for Editor in 0.00 ms.
Mono: successfully reloaded assembly
- Completed reload, in  0.728 seconds
Platform modules already initialized, skipping
Shader 'Universal Render Pipeline/Particles/Lit': fallback shader 'Universal Render Pipeline/Particles/SimpleLit' not found
Refreshing native plugins compatible for Editor in 0.78 ms, found 0 plugins.
Preloading 0 native plugins for Editor in 0.00 ms.
Unloading 2144 Unused Serialized files (Serialized files now loaded: 0)
System memory in use before: 118.4 MB.
System memory in use after: 118.6 MB.

Unloading 6 unused Assets to reduce memory usage. Loaded Objects now: 2832.
Total: 1.961600 ms (FindLiveObjects: 0.188700 ms CreateObjectMapping: 0.092700 ms MarkObjects: 1.634300 ms  DeleteObjects: 0.044700 ms)

========================================================================
Received Import Request.
  Time since last request: 90.349995 seconds.
  path: Assets/Scripts/Player/PlayerControl.cs
  artifactKey: Guid(5b46e64b20140564c92a8aed8126ca26) Importer(815301076,1909f56bfc062723c751e8b465ee728b)
Start importing Assets/Scripts/Player/PlayerControl.cs using Guid(5b46e64b20140564c92a8aed8126ca26) Importer(815301076,1909f56bfc062723c751e8b465ee728b)  -> (artifact id: '38fd0f0fcd44dc94814dc8e01828caa2') in 0.003549 seconds 
========================================================================
Received Import Request.
  Time since last request: 23.299760 seconds.
  path: Assets/Scripts/Weapons/Weapons/FireWeapon.cs
  artifactKey: Guid(7b77614cbad26584d9c28140b7abe6e4) Importer(815301076,1909f56bfc062723c751e8b465ee728b)
Start importing Assets/Scripts/Weapons/Weapons/FireWeapon.cs using Guid(7b77614cbad26584d9c28140b7abe6e4) Importer(815301076,1909f56bfc062723c751e8b465ee728b)  -> (artifact id: '95d84684fe5f5b86499447f1883a9585') in 0.004869 seconds 
========================================================================
Received Prepare
Registering precompiled user dll's ...
Registered in 0.001267 seconds.
Begin MonoManager ReloadAssembly
Native extension for WindowsStandalone target not found
Refreshing native plugins compatible for Editor in 0.75 ms, found 0 plugins.
Preloading 0 native plugins for Editor in 0.00 ms.
Mono: successfully reloaded assembly
- Completed reload, in  0.734 seconds
Platform modules already initialized, skipping
Shader 'Universal Render Pipeline/Particles/Lit': fallback shader 'Universal Render Pipeline/Particles/SimpleLit' not found
Refreshing native plugins compatible for Editor in 0.83 ms, found 0 plugins.
Preloading 0 native plugins for Editor in 0.00 ms.
Unloading 2145 Unused Serialized files (Serialized files now loaded: 0)
System memory in use before: 118.5 MB.
System memory in use after: 118.7 MB.

Unloading 6 unused Assets to reduce memory usage. Loaded Objects now: 2835.
Total: 1.902800 ms (FindLiveObjects: 0.188200 ms CreateObjectMapping: 0.093700 ms MarkObjects: 1.575100 ms  DeleteObjects: 0.044800 ms)

========================================================================
Received Prepare
Registering precompiled user dll's ...
Registered in 0.001157 seconds.
Begin MonoManager ReloadAssembly
Native extension for WindowsStandalone target not found
Refreshing native plugins compatible for Editor in 0.85 ms, found 0 plugins.
Preloading 0 native plugins for Editor in 0.00 ms.
Mono: successfully reloaded assembly
- Completed reload, in  0.703 seconds
Platform modules already initialized, skipping
Shader 'Universal Render Pipeline/Particles/Lit': fallback shader 'Universal Render Pipeline/Particles/SimpleLit' not found
Refreshing native plugins compatible for Editor in 0.77 ms, found 0 plugins.
Preloading 0 native plugins for Editor in 0.00 ms.
Unloading 2145 Unused Serialized files (Serialized files now loaded: 0)
System memory in use before: 118.5 MB.
System memory in use after: 118.7 MB.

Unloading 6 unused Assets to reduce memory usage. Loaded Objects now: 2837.
Total: 1.886100 ms (FindLiveObjects: 0.181900 ms CreateObjectMapping: 0.092800 ms MarkObjects: 1.564500 ms  DeleteObjects: 0.045900 ms)

========================================================================
Received Import Request.
  Time since last request: 675.128151 seconds.
  path: Assets/Scripts/Weapons/Weapons/FireWeapon.cs
  artifactKey: Guid(7b77614cbad26584d9c28140b7abe6e4) Importer(815301076,1909f56bfc062723c751e8b465ee728b)
Start importing Assets/Scripts/Weapons/Weapons/FireWeapon.cs using Guid(7b77614cbad26584d9c28140b7abe6e4) Importer(815301076,1909f56bfc062723c751e8b465ee728b)  -> (artifact id: 'b4308ba38b51ce010bd1d4827b22e45a') in 0.006148 seconds 
========================================================================
Received Import Request.
  Time since last request: 0.978840 seconds.
  path: Assets/Prefabs/Player/Player.prefab
  artifactKey: Guid(a54428d5d3b84434b8d8fb363efbdd90) Importer(815301076,1909f56bfc062723c751e8b465ee728b)
Start importing Assets/Prefabs/Player/Player.prefab using Guid(a54428d5d3b84434b8d8fb363efbdd90) Importer(815301076,1909f56bfc062723c751e8b465ee728b)  -> (artifact id: '11e48e8656a9a4d3f1eeff928180d4ba') in 0.151948 seconds 
========================================================================
Received Import Request.
  Time since last request: 6.828400 seconds.
  path: Assets/Prefabs/Player/Player.prefab
  artifactKey: Guid(a54428d5d3b84434b8d8fb363efbdd90) Importer(815301076,1909f56bfc062723c751e8b465ee728b)
Start importing Assets/Prefabs/Player/Player.prefab using Guid(a54428d5d3b84434b8d8fb363efbdd90) Importer(815301076,1909f56bfc062723c751e8b465ee728b)  -> (artifact id: 'be4e3d9901215fe24e6e15322a0599c3') in 0.006670 seconds 
========================================================================
Received Prepare
Registering precompiled user dll's ...
Registered in 0.001158 seconds.
Begin MonoManager ReloadAssembly
Native extension for WindowsStandalone target not found
Refreshing native plugins compatible for Editor in 0.75 ms, found 0 plugins.
Preloading 0 native plugins for Editor in 0.00 ms.
Mono: successfully reloaded assembly
- Completed reload, in  0.715 seconds
Platform modules already initialized, skipping
Shader 'Universal Render Pipeline/Particles/Lit': fallback shader 'Universal Render Pipeline/Particles/SimpleLit' not found
Refreshing native plugins compatible for Editor in 0.74 ms, found 0 plugins.
Preloading 0 native plugins for Editor in 0.00 ms.
Unloading 2145 Unused Serialized files (Serialized files now loaded: 0)
System memory in use before: 119.6 MB.
System memory in use after: 119.8 MB.

Unloading 7 unused Assets to reduce memory usage. Loaded Objects now: 2877.
Total: 1.980100 ms (FindLiveObjects: 0.188500 ms CreateObjectMapping: 0.092500 ms MarkObjects: 1.646600 ms  DeleteObjects: 0.051900 ms)

========================================================================
Received Import Request.
  Time since last request: 27.303801 seconds.
  path: Assets/Scripts/Player/Player.cs
  artifactKey: Guid(be2a78521c0122d4c8659f04a1e8eefe) Importer(815301076,1909f56bfc062723c751e8b465ee728b)
Start importing Assets/Scripts/Player/Player.cs using Guid(be2a78521c0122d4c8659f04a1e8eefe) Importer(815301076,1909f56bfc062723c751e8b465ee728b)  -> (artifact id: 'd23feafca901c770e85bfc683b1064fd') in 0.003655 seconds 
========================================================================
Received Import Request.
  Time since last request: 14.482127 seconds.
  path: Assets/ScriptableObjectAssets/Weapons/Player/Pistol/AmmoDetails_Pistol.asset
  artifactKey: Guid(8c3d87439fc239b4ba3f840ab1bb30e4) Importer(815301076,1909f56bfc062723c751e8b465ee728b)
Start importing Assets/ScriptableObjectAssets/Weapons/Player/Pistol/AmmoDetails_Pistol.asset using Guid(8c3d87439fc239b4ba3f840ab1bb30e4) Importer(815301076,1909f56bfc062723c751e8b465ee728b)  -> (artifact id: '9656f82838ad69f23b82382f94f2a0b7') in 0.028900 seconds 
========================================================================
Received Import Request.
  Time since last request: 0.565323 seconds.
  path: Assets/ScriptableObjectAssets/Weapons/Player/Pistol/WeaponDetails_Pistol.asset
  artifactKey: Guid(d9ddd9ea3a78e014fbf62e7b2e54a5f3) Importer(815301076,1909f56bfc062723c751e8b465ee728b)
Start importing Assets/ScriptableObjectAssets/Weapons/Player/Pistol/WeaponDetails_Pistol.asset using Guid(d9ddd9ea3a78e014fbf62e7b2e54a5f3) Importer(815301076,1909f56bfc062723c751e8b465ee728b)  -> (artifact id: '1055be45328a3a525ee80d726ebeb86b') in 0.005829 seconds 
========================================================================
Received Prepare
Registering precompiled user dll's ...
Registered in 0.001144 seconds.
Begin MonoManager ReloadAssembly
Native extension for WindowsStandalone target not found
Refreshing native plugins compatible for Editor in 0.78 ms, found 0 plugins.
Preloading 0 native plugins for Editor in 0.00 ms.
Mono: successfully reloaded assembly
- Completed reload, in  0.725 seconds
Platform modules already initialized, skipping
Shader 'Universal Render Pipeline/Particles/Lit': fallback shader 'Universal Render Pipeline/Particles/SimpleLit' not found
Refreshing native plugins compatible for Editor in 0.78 ms, found 0 plugins.
Preloading 0 native plugins for Editor in 0.00 ms.
Unloading 2145 Unused Serialized files (Serialized files now loaded: 0)
System memory in use before: 118.9 MB.
System memory in use after: 119.1 MB.

Unloading 7 unused Assets to reduce memory usage. Loaded Objects now: 2879.
Total: 1.969200 ms (FindLiveObjects: 0.198700 ms CreateObjectMapping: 0.094300 ms MarkObjects: 1.629800 ms  DeleteObjects: 0.045700 ms)

========================================================================
Received Prepare
Registering precompiled user dll's ...
Registered in 0.001112 seconds.
Begin MonoManager ReloadAssembly
Native extension for WindowsStandalone target not found
Refreshing native plugins compatible for Editor in 0.74 ms, found 0 plugins.
Preloading 0 native plugins for Editor in 0.00 ms.
Mono: successfully reloaded assembly
- Completed reload, in  0.700 seconds
Platform modules already initialized, skipping
Shader 'Universal Render Pipeline/Particles/Lit': fallback shader 'Universal Render Pipeline/Particles/SimpleLit' not found
Refreshing native plugins compatible for Editor in 0.82 ms, found 0 plugins.
Preloading 0 native plugins for Editor in 0.00 ms.
Unloading 2145 Unused Serialized files (Serialized files now loaded: 0)
System memory in use before: 117.8 MB.
System memory in use after: 118.0 MB.

Unloading 6 unused Assets to reduce memory usage. Loaded Objects now: 2881.
Total: 2.554900 ms (FindLiveObjects: 0.270800 ms CreateObjectMapping: 0.146100 ms MarkObjects: 2.082600 ms  DeleteObjects: 0.054200 ms)

========================================================================
Received Prepare
Registering precompiled user dll's ...
Registered in 0.001133 seconds.
Begin MonoManager ReloadAssembly
Native extension for WindowsStandalone target not found
Refreshing native plugins compatible for Editor in 0.87 ms, found 0 plugins.
Preloading 0 native plugins for Editor in 0.00 ms.
Mono: successfully reloaded assembly
- Completed reload, in  0.702 seconds
Platform modules already initialized, skipping
Shader 'Universal Render Pipeline/Particles/Lit': fallback shader 'Universal Render Pipeline/Particles/SimpleLit' not found
Refreshing native plugins compatible for Editor in 0.76 ms, found 0 plugins.
Preloading 0 native plugins for Editor in 0.00 ms.
Unloading 2145 Unused Serialized files (Serialized files now loaded: 0)
System memory in use before: 118.5 MB.
System memory in use after: 118.7 MB.

Unloading 6 unused Assets to reduce memory usage. Loaded Objects now: 2883.
Total: 1.935700 ms (FindLiveObjects: 0.189100 ms CreateObjectMapping: 0.092200 ms MarkObjects: 1.610000 ms  DeleteObjects: 0.043500 ms)

========================================================================
Received Prepare
Registering precompiled user dll's ...
Registered in 0.001151 seconds.
Begin MonoManager ReloadAssembly
Native extension for WindowsStandalone target not found
Refreshing native plugins compatible for Editor in 0.74 ms, found 0 plugins.
Preloading 0 native plugins for Editor in 0.00 ms.
Mono: successfully reloaded assembly
- Completed reload, in  0.698 seconds
Platform modules already initialized, skipping
Shader 'Universal Render Pipeline/Particles/Lit': fallback shader 'Universal Render Pipeline/Particles/SimpleLit' not found
Refreshing native plugins compatible for Editor in 0.75 ms, found 0 plugins.
Preloading 0 native plugins for Editor in 0.00 ms.
Unloading 2145 Unused Serialized files (Serialized files now loaded: 0)
System memory in use before: 118.6 MB.
System memory in use after: 118.7 MB.

Unloading 6 unused Assets to reduce memory usage. Loaded Objects now: 2885.
Total: 1.901300 ms (FindLiveObjects: 0.187300 ms CreateObjectMapping: 0.093600 ms MarkObjects: 1.577700 ms  DeleteObjects: 0.041900 ms)

